[I 2026-05-16 08:45:04,414] Trial 5 finished with value: 0.7370661062684996 and parameters: {'hidden_size': 128, 'num_layers': 1, 'lr': 0.0006286278740367683, 'bidirectional': True}. Best is trial 4 with value: 0.7516162162417243.
[I 2026-05-16 08:49:52,632] Trial 6 finished with value: 0.7198019450823068 and parameters: {'hidden_size': 256, 'num_layers': 1, 'lr': 0.007842393026428942, 'bidirectional': True}. Best is trial 4 with value: 0.7516162162417243.
[I 2026-05-16 08:52:32,474] Trial 7 finished with value: 0.7448975023022106 and parameters: {'hidden_size': 128, 'num_layers': 1, 'lr': 0.003910511243631105, 'bidirectional': False}. Best is trial 4 with value: 0.7516162162417243.
[I 2026-05-16 08:56:12,098] Trial 8 finished with value: 0.743159738492038 and parameters: {'hidden_size': 256, 'num_layers': 1, 'lr': 0.0005212124185996637, 'bidirectional': True}. Best is trial 4 with value: 0.7516162162417243.
[I 2026-05-16 09:00:29,014] Trial 9 finished with value: 0.7364702322517549 and parameters: {'hidden_size': 256, 'num_layers': 2, 'lr': 0.00025879803802741593, 'bidirectional': False}. Best is trial 4 with value: 0.7516162162417243.

── Final Eğitim Başlıyor ──
Epoch 10 | Val F1: 0.7104
Epoch 20 | Val F1: 0.7317
Epoch 30 | Val F1: 0.7386
Epoch 40 | Val F1: 0.7397
Epoch 50 | Val F1: 0.7404
Epoch 60 | Val F1: 0.7427
Epoch 70 | Val F1: 0.7486
Epoch 80 | Val F1: 0.7443
Epoch 90 | Val F1: 0.7453
Epoch 100 | Val F1: 0.7429
✅ Tamamlandı. Çıktılar './17' klasöründe.

========== seq_len = 18 ==========
── Optuna HP Arama ──
[I 2026-05-16 09:31:47,137] A new study created in memory with name: no-name-365dccf1-81a7-451e-8a53-e513eebb87de
[I 2026-05-16 09:34:56,829] Trial 0 finished with value: 0.7437949289662884 and parameters: {'hidden_size': 64, 'num_layers': 1, 'lr': 0.0045674204852267745, 'bidirectional': True}. Best is trial 0 with value: 0.7437949289662884.
[I 2026-05-16 09:40:08,406] Trial 1 finished with value: 0.7350549760989401 and parameters: {'hidden_size': 256, 'num_layers': 1, 'lr': 0.0001237703547931744, 'bidirectional': True}. Best is trial 0 with value: 0.7437949289662884.
[I 2026-05-16 09:45:12,248] Trial 2 finished with value: 0.7344291597225662 and parameters: {'hidden_size': 256, 'num_layers': 1, 'lr': 0.007393749503580427, 'bidirectional': True}. Best is trial 0 with value: 0.7437949289662884.
[I 2026-05-16 09:49:03,861] Trial 3 finished with value: 0.7152060187035599 and parameters: {'hidden_size': 128, 'num_layers': 3, 'lr': 0.004917383360002969, 'bidirectional': False}. Best is trial 0 with value: 0.7437949289662884.
[I 2026-05-16 09:52:52,494] Trial 4 finished with value: 0.740512699600576 and parameters: {'hidden_size': 64, 'num_layers': 3, 'lr': 0.002409610018187744, 'bidirectional': False}. Best is trial 0 with value: 0.7437949289662884.
[I 2026-05-16 10:01:18,614] Trial 5 finished with value: 0.7361146982934118 and parameters: {'hidden_size': 256, 'num_layers': 2, 'lr': 0.00010064719781123522, 'bidirectional': True}. Best is trial 0 with value: 0.7437949289662884.
[I 2026-05-16 10:06:51,813] Trial 6 finished with value: 0.7403196946774835 and parameters: {'hidden_size': 256, 'num_layers': 2, 'lr': 0.0028077332557089525, 'bidirectional': False}. Best is trial 0 with value: 0.7437949289662884.
[I 2026-05-16 10:09:52,536] Trial 7 finished with value: 0.6936803373916898 and parameters: {'hidden_size': 64, 'num_layers': 2, 'lr': 0.009205038245001972, 'bidirectional': False}. Best is trial 0 with value: 0.7437949289662884.
[I 2026-05-16 10:12:40,758] Trial 8 finished with value: 0.7578196475309262 and parameters: {'hidden_size': 64, 'num_layers': 1, 'lr': 0.0038665667335990375, 'bidirectional': True}. Best is trial 8 with value: 0.7578196475309262.
[I 2026-05-16 10:24:00,441] Trial 9 finished with value: 0.6996501087138851 and parameters: {'hidden_size': 256, 'num_layers': 3, 'lr': 0.004489296037570543, 'bidirectional': True}. Best is trial 8 with value: 0.7578196475309262.

── Final Eğitim Başlıyor ──
Epoch 10 | Val F1: 0.7341
Epoch 20 | Val F1: 0.7497
Epoch 30 | Val F1: 0.7349
Epoch 40 | Val F1: 0.7488
Epoch 50 | Val F1: 0.7529
Epoch 60 | Val F1: 0.7455
Epoch 70 | Val F1: 0.7557
Epoch 80 | Val F1: 0.7623
Epoch 90 | Val F1: 0.7487
Epoch 100 | Val F1: 0.7468
✅ Tamamlandı. Çıktılar './18' klasöründe.

========== seq_len = 19 ==========
── Optuna HP Arama ──
[I 2026-05-16 10:45:40,406] A new study created in memory with name: no-name-025f095a-a932-402e-b617-30196145e7db
[I 2026-05-16 10:48:51,583] Trial 0 finished with value: 0.6394747489510904 and parameters: {'hidden_size': 64, 'num_layers': 3, 'lr': 0.008500239190586038, 'bidirectional': False}. Best is trial 0 with value: 0.6394747489510904.
[I 2026-05-16 10:56:57,176] Trial 1 finished with value: 0.7195605652297735 and parameters: {'hidden_size': 256, 'num_layers': 2, 'lr': 0.006038941790233633, 'bidirectional': True}. Best is trial 1 with value: 0.7195605652297735.
[I 2026-05-16 11:00:06,914] Trial 2 finished with value: 0.7120172511715621 and parameters: {'hidden_size': 64, 'num_layers': 3, 'lr': 0.0003952017823903041, 'bidirectional': False}. Best is trial 1 with value: 0.7195605652297735.
[I 2026-05-16 11:04:22,008] Trial 3 finished with value: 0.7340189156933492 and parameters: {'hidden_size': 64, 'num_layers': 2, 'lr': 0.0002043062853209504, 'bidirectional': True}. Best is trial 3 with value: 0.7340189156933492.
[I 2026-05-16 11:09:12,463] Trial 4 finished with value: 0.7488194742236518 and parameters: {'hidden_size': 128, 'num_layers': 3, 'lr': 0.0004530057712765241, 'bidirectional': True}. Best is trial 4 with value: 0.7488194742236518.
[I 2026-05-16 11:15:55,696] Trial 5 finished with value: 0.7473910873005175 and parameters: {'hidden_size': 256, 'num_layers': 3, 'lr': 0.001233497873343293, 'bidirectional': False}. Best is trial 4 with value: 0.7488194742236518.
[I 2026-05-16 11:20:06,620] Trial 6 finished with value: 0.7476131820923373 and parameters: {'hidden_size': 64, 'num_layers': 2, 'lr': 0.005154352266030744, 'bidirectional': True}. Best is trial 4 with value: 0.7488194742236518.
[I 2026-05-16 11:22:53,827] Trial 7 finished with value: 0.7376228010696032 and parameters: {'hidden_size': 64, 'num_layers': 1, 'lr': 0.008163858961159029, 'bidirectional': False}. Best is trial 4 with value: 0.7488194742236518.
[I 2026-05-16 11:26:36,547] Trial 8 finished with value: 0.7448555512713297 and parameters: {'hidden_size': 128, 'num_layers': 3, 'lr': 0.0018262152046196636, 'bidirectional': False}. Best is trial 4 with value: 0.7488194742236518.
[I 2026-05-16 11:29:27,361] Trial 9 finished with value: 0.7451515815417922 and parameters: {'hidden_size': 64, 'num_layers': 1, 'lr': 0.006837298055244939, 'bidirectional': False}. Best is trial 4 with value: 0.7488194742236518.

── Final Eğitim Başlıyor ──
Epoch 10 | Val F1: 0.7328
Epoch 20 | Val F1: 0.7250
Epoch 30 | Val F1: 0.7380
Epoch 40 | Val F1: 0.7394
Epoch 50 | Val F1: 0.7397
Epoch 60 | Val F1: 0.7400
Epoch 70 | Val F1: 0.7370
Epoch 80 | Val F1: 0.7375
Epoch 90 | Val F1: 0.7400
Epoch 100 | Val F1: 0.7424
✅ Tamamlandı. Çıktılar './19' klasöründe.

========== seq_len = 20 ==========
── Optuna HP Arama ──
[I 2026-05-16 12:08:41,710] A new study created in memory with name: no-name-ebab58fc-321f-4cb6-ba99-555cc14aad7d
[I 2026-05-16 12:21:49,515] Trial 0 finished with value: 0.44212527319064915 and parameters: {'hidden_size': 256, 'num_layers': 3, 'lr': 0.00950005922079603, 'bidirectional': True}. Best is trial 0 with value: 0.44212527319064915.
[I 2026-05-16 12:25:31,752] Trial 1 finished with value: 0.7377744202295957 and parameters: {'hidden_size': 64, 'num_layers': 2, 'lr': 0.00038346048759570526, 'bidirectional': True}. Best is trial 1 with value: 0.7377744202295957.
[I 2026-05-16 12:30:09,837] Trial 2 finished with value: 0.7428089128023788 and parameters: {'hidden_size': 256, 'num_layers': 1, 'lr': 0.00033142019384573544, 'bidirectional': True}. Best is trial 2 with value: 0.7428089128023788.
[I 2026-05-16 12:32:56,475] Trial 3 finished with value: 0.757795677974255 and parameters: {'hidden_size': 64, 'num_layers': 1, 'lr': 0.003989290474313417, 'bidirectional': True}. Best is trial 3 with value: 0.757795677974255.
[I 2026-05-16 12:44:27,276] Trial 4 finished with value: 0.7527578750790729 and parameters: {'hidden_size': 256, 'num_layers': 3, 'lr': 0.0011599443013740553, 'bidirectional': True}. Best is trial 3 with value: 0.757795677974255.
[I 2026-05-16 12:47:33,161] Trial 5 finished with value: 0.7342509653097896 and parameters: {'hidden_size': 128, 'num_layers': 3, 'lr': 0.00011969171740240264, 'bidirectional': False}. Best is trial 3 with value: 0.757795677974255.
[I 2026-05-16 12:48:50,642] Trial 6 finished with value: 0.7466445473775237 and parameters: {'hidden_size': 128, 'num_layers': 1, 'lr': 0.005282601476828459, 'bidirectional': False}. Best is trial 3 with value: 0.757795677974255.
[I 2026-05-16 12:50:02,976] Trial 7 finished with value: 0.7409804484099048 and parameters: {'hidden_size': 128, 'num_layers': 1, 'lr': 0.0006024253495549833, 'bidirectional': False}. Best is trial 3 with value: 0.757795677974255.
[I 2026-05-16 12:51:39,927] Trial 8 finished with value: 0.7378638804816838 and parameters: {'hidden_size': 64, 'num_layers': 2, 'lr': 0.006009115790915486, 'bidirectional': False}. Best is trial 3 with value: 0.757795677974255.
[I 2026-05-16 12:54:36,289] Trial 9 finished with value: 0.7345144785908952 and parameters: {'hidden_size': 64, 'num_layers': 1, 'lr': 0.00036580189081294063, 'bidirectional': False}. Best is trial 3 with value: 0.757795677974255.

── Final Eğitim Başlıyor ──
Epoch 10 | Val F1: 0.7316
Epoch 20 | Val F1: 0.7396
Epoch 30 | Val F1: 0.7514
Epoch 40 | Val F1: 0.7381
Epoch 50 | Val F1: 0.7363
Epoch 60 | Val F1: 0.7408
Epoch 70 | Val F1: 0.7498
Epoch 80 | Val F1: 0.7469
Epoch 90 | Val F1: 0.7412
Epoch 100 | Val F1: 0.7339
✅ Tamamlandı. Çıktılar './20' klasöründe.
PS C:\Users\kahra\Desktop\lstm> s