[I 2026-05-16 00:22:02,008] Trial 8 finished with value: 0.7401540497845425 and parameters: {'hidden_size': 128, 'num_layers': 1, 'lr': 0.002113948347613872, 'bidirectional': True}. Best is trial 8 with value: 0.7401540497845425.
[I 2026-05-16 00:25:41,699] Trial 9 finished with value: 0.7342655365339374 and parameters: {'hidden_size': 256, 'num_layers': 2, 'lr': 0.001539923863484698, 'bidirectional': True}. Best is trial 8 with value: 0.7401540497845425.

── Final Eğitim Başlıyor ──
Epoch 10 | Val F1: 0.7075
Epoch 20 | Val F1: 0.7116
Epoch 30 | Val F1: 0.7315
Epoch 40 | Val F1: 0.7316
Epoch 50 | Val F1: 0.7305
Epoch 60 | Val F1: 0.7300
Epoch 70 | Val F1: 0.7369
Epoch 80 | Val F1: 0.7356
Epoch 90 | Val F1: 0.7347
Epoch 100 | Val F1: 0.7317
✅ Tamamlandı. Çıktılar './9' klasöründe.

========== seq_len = 10 ==========
── Optuna HP Arama ──
[I 2026-05-16 00:34:44,478] A new study created in memory with name: no-name-b71fab0f-fc50-4d59-abb1-3053277be235
[I 2026-05-16 00:36:00,971] Trial 0 finished with value: 0.7271407416604285 and parameters: {'hidden_size': 128, 'num_layers': 2, 'lr': 0.00023014508001819575, 'bidirectional': False}. Best is trial 0 with value: 0.7271407416604285.
[I 2026-05-16 00:37:33,956] Trial 1 finished with value: 0.7188391339258897 and parameters: {'hidden_size': 256, 'num_layers': 1, 'lr': 0.00011420503401601664, 'bidirectional': True}. Best is trial 0 with value: 0.7271407416604285.
[I 2026-05-16 00:38:47,520] Trial 2 finished with value: 0.723361324446192 and parameters: {'hidden_size': 128, 'num_layers': 1, 'lr': 0.005067758626638318, 'bidirectional': True}. Best is trial 0 with value: 0.7271407416604285.
[I 2026-05-16 00:40:15,623] Trial 3 finished with value: 0.719704992871168 and parameters: {'hidden_size': 128, 'num_layers': 3, 'lr': 0.0004830975650085617, 'bidirectional': False}. Best is trial 0 with value: 0.7271407416604285.
[I 2026-05-16 00:41:28,721] Trial 4 finished with value: 0.7213214079086451 and parameters: {'hidden_size': 64, 'num_layers': 1, 'lr': 0.0004964725145329242, 'bidirectional': True}. Best is trial 0 with value: 0.7271407416604285.
[I 2026-05-16 00:42:29,747] Trial 5 finished with value: 0.7213455303860554 and parameters: {'hidden_size': 64, 'num_layers': 1, 'lr': 0.0009122176315508668, 'bidirectional': False}. Best is trial 0 with value: 0.7271407416604285.
[I 2026-05-16 00:44:43,689] Trial 6 finished with value: 0.731137074219779 and parameters: {'hidden_size': 256, 'num_layers': 3, 'lr': 0.00016192041051743552, 'bidirectional': False}. Best is trial 6 with value: 0.731137074219779.
[I 2026-05-16 00:45:54,971] Trial 7 finished with value: 0.7245283392889542 and parameters: {'hidden_size': 64, 'num_layers': 2, 'lr': 0.00421390255861552, 'bidirectional': False}. Best is trial 6 with value: 0.731137074219779.
[I 2026-05-16 00:47:35,529] Trial 8 finished with value: 0.7336320200628584 and parameters: {'hidden_size': 128, 'num_layers': 2, 'lr': 0.00018045655523810116, 'bidirectional': True}. Best is trial 8 with value: 0.7336320200628584.
[I 2026-05-16 00:49:04,557] Trial 9 finished with value: 0.737362802317385 and parameters: {'hidden_size': 128, 'num_layers': 3, 'lr': 0.0029773630650613303, 'bidirectional': False}. Best is trial 9 with value: 0.737362802317385.

── Final Eğitim Başlıyor ──
Epoch 10 | Val F1: 0.6900
Epoch 20 | Val F1: 0.7112
Epoch 30 | Val F1: 0.7108
Epoch 40 | Val F1: 0.7226
Epoch 50 | Val F1: 0.7188
Epoch 60 | Val F1: 0.7259
Epoch 70 | Val F1: 0.7118
Epoch 80 | Val F1: 0.7153
Epoch 90 | Val F1: 0.6961
Epoch 100 | Val F1: 0.6915
✅ Tamamlandı. Çıktılar './10' klasöründe.

========== seq_len = 11 ==========
── Optuna HP Arama ──
[I 2026-05-16 00:59:35,898] A new study created in memory with name: no-name-072f2f16-ab97-4523-b61d-6a2d98e4f6bc
[I 2026-05-16 01:00:55,347] Trial 0 finished with value: 0.7384115909431507 and parameters: {'hidden_size': 128, 'num_layers': 2, 'lr': 0.002664058828483121, 'bidirectional': False}. Best is trial 0 with value: 0.7384115909431507.
[I 2026-05-16 01:02:05,772] Trial 1 finished with value: 0.7482683484009874 and parameters: {'hidden_size': 64, 'num_layers': 1, 'lr': 0.0010987030263431754, 'bidirectional': True}. Best is trial 1 with value: 0.7482683484009874.
[I 2026-05-16 01:06:17,616] Trial 2 finished with value: 0.7349908609808403 and parameters: {'hidden_size': 256, 'num_layers': 2, 'lr': 0.0002344232570356826, 'bidirectional': True}. Best is trial 1 with value: 0.7482683484009874.
[I 2026-05-16 01:14:30,582] Trial 3 finished with value: 0.733805358903854 and parameters: {'hidden_size': 256, 'num_layers': 3, 'lr': 0.00012370307616084412, 'bidirectional': True}. Best is trial 1 with value: 0.7482683484009874.
[I 2026-05-16 01:16:14,740] Trial 4 finished with value: 0.7355263073578585 and parameters: {'hidden_size': 128, 'num_layers': 2, 'lr': 0.0009305895742475875, 'bidirectional': False}. Best is trial 1 with value: 0.7482683484009874.
[I 2026-05-16 01:18:30,979] Trial 5 finished with value: 0.7346869275573793 and parameters: {'hidden_size': 128, 'num_layers': 2, 'lr': 0.0018749593364451032, 'bidirectional': True}. Best is trial 1 with value: 0.7482683484009874.
[I 2026-05-16 01:26:43,298] Trial 6 finished with value: 0.7403528883001376 and parameters: {'hidden_size': 256, 'num_layers': 3, 'lr': 0.00042489829437228186, 'bidirectional': True}. Best is trial 1 with value: 0.7482683484009874.
[I 2026-05-16 01:28:45,850] Trial 7 finished with value: 0.6193287664829091 and parameters: {'hidden_size': 64, 'num_layers': 3, 'lr': 0.0099591057364905, 'bidirectional': True}. Best is trial 1 with value: 0.7482683484009874.
[I 2026-05-16 01:30:41,199] Trial 8 finished with value: 0.730622703064626 and parameters: {'hidden_size': 64, 'num_layers': 3, 'lr': 0.0021212985805205728, 'bidirectional': True}. Best is trial 1 with value: 0.7482683484009874.
[I 2026-05-16 01:32:35,494] Trial 9 finished with value: 0.6804418691188094 and parameters: {'hidden_size': 64, 'num_layers': 3, 'lr': 0.0071568768486342735, 'bidirectional': True}. Best is trial 1 with value: 0.7482683484009874.

── Final Eğitim Başlıyor ──
Epoch 10 | Val F1: 0.7024
Epoch 20 | Val F1: 0.7135
Epoch 30 | Val F1: 0.7156
Epoch 40 | Val F1: 0.7252
Epoch 50 | Val F1: 0.7298
Epoch 60 | Val F1: 0.7376
Epoch 70 | Val F1: 0.7441
Epoch 80 | Val F1: 0.7274
Epoch 90 | Val F1: 0.7333
Epoch 100 | Val F1: 0.7345
✅ Tamamlandı. Çıktılar './11' klasöründe.

========== seq_len = 12 ==========
── Optuna HP Arama ──
[I 2026-05-16 01:40:44,423] A new study created in memory with name: no-name-ad536604-c3c4-4c97-b33e-8b17f28ce9b4
[I 2026-05-16 01:41:53,983] Trial 0 finished with value: 0.721210922028632 and parameters: {'hidden_size': 128, 'num_layers': 2, 'lr': 0.005832965281904159, 'bidirectional': False}. Best is trial 0 with value: 0.721210922028632.
[I 2026-05-16 01:43:25,560] Trial 1 finished with value: 0.7343045201600412 and parameters: {'hidden_size': 128, 'num_layers': 3, 'lr': 0.002672325900673294, 'bidirectional': False}. Best is trial 1 with value: 0.7343045201600412.
[I 2026-05-16 01:44:45,313] Trial 2 finished with value: 0.7363201516288085 and parameters: {'hidden_size': 256, 'num_layers': 1, 'lr': 0.00019800961885390995, 'bidirectional': False}. Best is trial 2 with value: 0.7363201516288085.
[I 2026-05-16 01:45:42,609] Trial 3 finished with value: 0.7364230143954963 and parameters: {'hidden_size': 64, 'num_layers': 1, 'lr': 0.002283282535185165, 'bidirectional': False}. Best is trial 3 with value: 0.7364230143954963.
[I 2026-05-16 01:49:59,103] Trial 4 finished with value: 0.742599893435238 and parameters: {'hidden_size': 256, 'num_layers': 2, 'lr': 0.001361201927188097, 'bidirectional': True}. Best is trial 4 with value: 0.742599893435238.
[I 2026-05-16 01:52:03,093] Trial 5 finished with value: 0.7355017316386828 and parameters: {'hidden_size': 64, 'num_layers': 3, 'lr': 0.0003041178470377125, 'bidirectional': True}. Best is trial 4 with value: 0.742599893435238.
[I 2026-05-16 01:53:25,482] Trial 6 finished with value: 0.710854383658589 and parameters: {'hidden_size': 64, 'num_layers': 3, 'lr': 0.00017943658549387321, 'bidirectional': False}. Best is trial 4 with value: 0.742599893435238.
[I 2026-05-16 01:54:55,259] Trial 7 finished with value: 0.7374874326823966 and parameters: {'hidden_size': 128, 'num_layers': 3, 'lr': 0.0010420499708565917, 'bidirectional': False}. Best is trial 4 with value: 0.742599893435238.
[I 2026-05-16 01:56:08,313] Trial 8 finished with value: 0.7322513744204947 and parameters: {'hidden_size': 64, 'num_layers': 1, 'lr': 0.005592552428421837, 'bidirectional': True}. Best is trial 4 with value: 0.742599893435238.
[I 2026-05-16 01:57:10,209] Trial 9 finished with value: 0.7319528715720535 and parameters: {'hidden_size': 64, 'num_layers': 1, 'lr': 0.0077700127806591196, 'bidirectional': False}. Best is trial 4 with value: 0.742599893435238.

── Final Eğitim Başlıyor ──
Epoch 10 | Val F1: 0.7088
Epoch 20 | Val F1: 0.7318
Epoch 30 | Val F1: 0.7392
Epoch 40 | Val F1: 0.7305
Epoch 50 | Val F1: 0.7342
Epoch 60 | Val F1: 0.7293
Epoch 70 | Val F1: 0.7315
Epoch 80 | Val F1: 0.7343
Epoch 90 | Val F1: 0.7356
Epoch 100 | Val F1: 0.7291
✅ Tamamlandı. Çıktılar './12' klasöründe.

========== seq_len = 13 ==========
── Optuna HP Arama ──
[I 2026-05-16 02:34:13,362] A new study created in memory with name: no-name-e1b73cf6-6540-4e8b-8d91-41310ea0bd52
[I 2026-05-16 02:36:09,356] Trial 0 finished with value: 0.7399288005931401 and parameters: {'hidden_size': 128, 'num_layers': 3, 'lr': 0.000801477992880025, 'bidirectional': False}. Best is trial 0 with value: 0.7399288005931401.
[I 2026-05-16 02:37:33,360] Trial 1 finished with value: 0.731644587430497 and parameters: {'hidden_size': 256, 'num_layers': 1, 'lr': 0.00032456556905838344, 'bidirectional': False}. Best is trial 0 with value: 0.7399288005931401.
[I 2026-05-16 02:38:38,465] Trial 2 finished with value: 0.7485242016140875 and parameters: {'hidden_size': 128, 'num_layers': 1, 'lr': 0.0012126295498342747, 'bidirectional': False}. Best is trial 2 with value: 0.7485242016140875.
[I 2026-05-16 02:40:13,286] Trial 3 finished with value: 0.7282576751180435 and parameters: {'hidden_size': 64, 'num_layers': 2, 'lr': 0.0001368591570163151, 'bidirectional': True}. Best is trial 2 with value: 0.7485242016140875.
[I 2026-05-16 02:41:46,345] Trial 4 finished with value: 0.7200891965656994 and parameters: {'hidden_size': 64, 'num_layers': 2, 'lr': 0.006697571882100484, 'bidirectional': True}. Best is trial 2 with value: 0.7485242016140875.
[I 2026-05-16 02:43:03,052] Trial 5 finished with value: 0.7272594557503624 and parameters: {'hidden_size': 128, 'num_layers': 2, 'lr': 0.00022465849214812103, 'bidirectional': False}. Best is trial 2 with value: 0.7485242016140875.
[I 2026-05-16 02:44:52,983] Trial 6 finished with value: 0.6589372691967813 and parameters: {'hidden_size': 128, 'num_layers': 2, 'lr': 0.009224680891212471, 'bidirectional': True}. Best is trial 2 with value: 0.7485242016140875.
[I 2026-05-16 02:47:02,650] Trial 7 finished with value: 0.7314317966634155 and parameters: {'hidden_size': 128, 'num_layers': 2, 'lr': 0.0007153785978797147, 'bidirectional': True}. Best is trial 2 with value: 0.7485242016140875.
[I 2026-05-16 02:56:44,411] Trial 8 finished with value: 0.7286404356041074 and parameters: {'hidden_size': 256, 'num_layers': 3, 'lr': 0.0011295771406719221, 'bidirectional': True}. Best is trial 2 with value: 0.7485242016140875.
[I 2026-05-16 03:00:20,689] Trial 9 finished with value: 0.7376911587712961 and parameters: {'hidden_size': 256, 'num_layers': 2, 'lr': 0.003054131789764215, 'bidirectional': False}. Best is trial 2 with value: 0.7485242016140875.

── Final Eğitim Başlıyor ──
Epoch 10 | Val F1: 0.7217
Epoch 20 | Val F1: 0.7223
Epoch 30 | Val F1: 0.7361
Epoch 40 | Val F1: 0.7426
Epoch 50 | Val F1: 0.7378
Epoch 60 | Val F1: 0.7362
Epoch 70 | Val F1: 0.7286
Epoch 80 | Val F1: 0.7364
Epoch 90 | Val F1: 0.7410
Epoch 100 | Val F1: 0.7433
✅ Tamamlandı. Çıktılar './13' klasöründe.

========== seq_len = 14 ==========
── Optuna HP Arama ──
[I 2026-05-16 03:07:43,807] A new study created in memory with name: no-name-36901ae1-2d30-42e4-a677-a98c90d23ff7
[I 2026-05-16 03:08:59,193] Trial 0 finished with value: 0.7451586098760196 and parameters: {'hidden_size': 64, 'num_layers': 1, 'lr': 0.004125017568131146, 'bidirectional': True}. Best is trial 0 with value: 0.7451586098760196.
[I 2026-05-16 03:11:00,205] Trial 1 finished with value: 0.726339613785705 and parameters: {'hidden_size': 256, 'num_layers': 2, 'lr': 0.0001116233718384265, 'bidirectional': False}. Best is trial 0 with value: 0.7451586098760196.
[I 2026-05-16 03:20:58,740] Trial 2 finished with value: 0.7359239209916425 and parameters: {'hidden_size': 256, 'num_layers': 3, 'lr': 0.0005034640003399688, 'bidirectional': True}. Best is trial 0 with value: 0.7451586098760196.
[I 2026-05-16 03:22:31,657] Trial 3 finished with value: 0.7268180447494023 and parameters: {'hidden_size': 128, 'num_layers': 1, 'lr': 0.00020017748774178647, 'bidirectional': True}. Best is trial 0 with value: 0.7451586098760196.
[I 2026-05-16 03:23:45,426] Trial 4 finished with value: 0.720186039924179 and parameters: {'hidden_size': 64, 'num_layers': 2, 'lr': 0.0001168990923521535, 'bidirectional': False}. Best is trial 0 with value: 0.7451586098760196.
[I 2026-05-16 03:25:45,074] Trial 5 finished with value: 0.7440015159251053 and parameters: {'hidden_size': 256, 'num_layers': 2, 'lr': 0.001886649598289935, 'bidirectional': False}. Best is trial 0 with value: 0.7451586098760196.
[I 2026-05-16 03:28:05,277] Trial 6 finished with value: 0.7389268177412002 and parameters: {'hidden_size': 256, 'num_layers': 2, 'lr': 0.0010767665109880757, 'bidirectional': False}. Best is trial 0 with value: 0.7451586098760196.
[I 2026-05-16 03:29:30,219] Trial 7 finished with value: 0.7359318859730046 and parameters: {'hidden_size': 256, 'num_layers': 1, 'lr': 0.0031840468620706703, 'bidirectional': False}. Best is trial 0 with value: 0.7451586098760196.
[I 2026-05-16 03:30:33,693] Trial 8 finished with value: 0.7169808436927526 and parameters: {'hidden_size': 64, 'num_layers': 1, 'lr': 0.0001169875055250954, 'bidirectional': False}. Best is trial 0 with value: 0.7451586098760196.
[I 2026-05-16 03:39:38,841] Trial 9 finished with value: 0.7345248564608868 and parameters: {'hidden_size': 256, 'num_layers': 3, 'lr': 0.000155963282907863, 'bidirectional': True}. Best is trial 0 with value: 0.7451586098760196.

── Final Eğitim Başlıyor ──
Epoch 10 | Val F1: 0.7346
Epoch 20 | Val F1: 0.7329
Epoch 30 | Val F1: 0.7295
Epoch 40 | Val F1: 0.7479
Epoch 50 | Val F1: 0.7400
Epoch 60 | Val F1: 0.7315
Epoch 70 | Val F1: 0.7386
Epoch 80 | Val F1: 0.7418
Epoch 90 | Val F1: 0.7332
Epoch 100 | Val F1: 0.7370
✅ Tamamlandı. Çıktılar './14' klasöründe.

========== seq_len = 15 ==========
── Optuna HP Arama ──
[I 2026-05-16 03:47:56,337] A new study created in memory with name: no-name-aa48b596-d833-4019-9f08-57beacefc169
[I 2026-05-16 03:49:10,693] Trial 0 finished with value: 0.7397587119946863 and parameters: {'hidden_size': 64, 'num_layers': 2, 'lr': 0.0008033260459643352, 'bidirectional': False}. Best is trial 0 with value: 0.7397587119946863.
[I 2026-05-16 03:50:08,035] Trial 1 finished with value: 0.7446626403474965 and parameters: {'hidden_size': 64, 'num_layers': 1, 'lr': 0.002772310442899663, 'bidirectional': False}. Best is trial 1 with value: 0.7446626403474965.
[I 2026-05-16 03:51:22,292] Trial 2 finished with value: 0.7499755155109241 and parameters: {'hidden_size': 128, 'num_layers': 2, 'lr': 0.004519270529091595, 'bidirectional': False}. Best is trial 2 with value: 0.7499755155109241.
[I 2026-05-16 03:52:52,964] Trial 3 finished with value: 0.7264288545876829 and parameters: {'hidden_size': 128, 'num_layers': 3, 'lr': 0.0001156600116830813, 'bidirectional': False}. Best is trial 2 with value: 0.7499755155109241.
[I 2026-05-16 03:55:00,304] Trial 4 finished with value: 0.7394712363747223 and parameters: {'hidden_size': 256, 'num_layers': 2, 'lr': 0.00025752911897506086, 'bidirectional': False}. Best is trial 2 with value: 0.7499755155109241.
[I 2026-05-16 03:59:42,811] Trial 5 finished with value: 0.7398861631763961 and parameters: {'hidden_size': 256, 'num_layers': 3, 'lr': 0.0007708579853638795, 'bidirectional': False}. Best is trial 2 with value: 0.7499755155109241.
[I 2026-05-16 04:00:59,596] Trial 6 finished with value: 0.735394248023976 and parameters: {'hidden_size': 64, 'num_layers': 2, 'lr': 0.0007193478137081816, 'bidirectional': False}. Best is trial 2 with value: 0.7499755155109241.
[I 2026-05-16 04:02:47,140] Trial 7 finished with value: 0.7435104542465559 and parameters: {'hidden_size': 128, 'num_layers': 2, 'lr': 0.0026821481143137972, 'bidirectional': True}. Best is trial 2 with value: 0.7499755155109241.
[I 2026-05-16 04:03:48,988] Trial 8 finished with value: 0.7276112755012484 and parameters: {'hidden_size': 64, 'num_layers': 1, 'lr': 0.00032848831547547565, 'bidirectional': False}. Best is trial 2 with value: 0.7499755155109241.
[I 2026-05-16 04:05:37,783] Trial 9 finished with value: 0.7468555803808878 and parameters: {'hidden_size': 128, 'num_layers': 2, 'lr': 0.0038444514589390856, 'bidirectional': True}. Best is trial 2 with value: 0.7499755155109241.

── Final Eğitim Başlıyor ──
Epoch 10 | Val F1: 0.7147
Epoch 20 | Val F1: 0.7219
Epoch 30 | Val F1: 0.7041
Epoch 40 | Val F1: 0.6940
Epoch 50 | Val F1: 0.6566
Epoch 60 | Val F1: 0.6171
Epoch 70 | Val F1: 0.5362
Epoch 80 | Val F1: 0.4261
Epoch 90 | Val F1: 0.4416
Epoch 100 | Val F1: 0.4050
✅ Tamamlandı. Çıktılar './15' klasöründe.

========== seq_len = 16 ==========
── Optuna HP Arama ──
[I 2026-05-16 04:14:42,075] A new study created in memory with name: no-name-8005f368-4c6b-4544-a14b-51b1c9fb3aa9
[I 2026-05-16 04:16:17,465] Trial 0 finished with value: 0.735800920148702 and parameters: {'hidden_size': 128, 'num_layers': 3, 'lr': 0.0005331854482746589, 'bidirectional': False}. Best is trial 0 with value: 0.735800920148702.
[I 2026-05-16 04:18:45,770] Trial 1 finished with value: 0.739618235923526 and parameters: {'hidden_size': 128, 'num_layers': 2, 'lr': 0.000942229180779417, 'bidirectional': True}. Best is trial 1 with value: 0.739618235923526.
[I 2026-05-16 04:20:03,001] Trial 2 finished with value: 0.7271204362903575 and parameters: {'hidden_size': 128, 'num_layers': 2, 'lr': 0.00011833019938611092, 'bidirectional': False}. Best is trial 1 with value: 0.739618235923526.
[I 2026-05-16 04:22:01,220] Trial 3 finished with value: 0.7261578292791484 and parameters: {'hidden_size': 64, 'num_layers': 3, 'lr': 0.00010394870152985388, 'bidirectional': True}. Best is trial 1 with value: 0.739618235923526.
[I 2026-05-16 04:23:20,131] Trial 4 finished with value: 0.7430420786320298 and parameters: {'hidden_size': 128, 'num_layers': 2, 'lr': 0.0017571566173373758, 'bidirectional': False}. Best is trial 4 with value: 0.7430420786320298.
[I 2026-05-16 04:24:41,274] Trial 5 finished with value: 0.7431734094385217 and parameters: {'hidden_size': 64, 'num_layers': 3, 'lr': 0.0037573795727632773, 'bidirectional': False}. Best is trial 5 with value: 0.7431734094385217.
[I 2026-05-16 04:25:41,611] Trial 6 finished with value: 0.7449078732213389 and parameters: {'hidden_size': 64, 'num_layers': 1, 'lr': 0.0021497206301276804, 'bidirectional': False}. Best is trial 6 with value: 0.7449078732213389.
[I 2026-05-16 04:30:37,026] Trial 7 finished with value: 0.7499297358323237 and parameters: {'hidden_size': 256, 'num_layers': 2, 'lr': 0.0009314717414745367, 'bidirectional': True}. Best is trial 7 with value: 0.7499297358323237.
[I 2026-05-16 04:31:50,308] Trial 8 finished with value: 0.7269948809078955 and parameters: {'hidden_size': 64, 'num_layers': 2, 'lr': 0.00029963377625670957, 'bidirectional': False}. Best is trial 7 with value: 0.7499297358323237.
[I 2026-05-16 04:33:22,243] Trial 9 finished with value: 0.7412046822437168 and parameters: {'hidden_size': 128, 'num_layers': 3, 'lr': 0.0005976291947901728, 'bidirectional': False}. Best is trial 7 with value: 0.7499297358323237.

── Final Eğitim Başlıyor ──
Epoch 10 | Val F1: 0.7351
Epoch 20 | Val F1: 0.7422
Epoch 30 | Val F1: 0.7443
Epoch 40 | Val F1: 0.7441
Epoch 50 | Val F1: 0.7383
Epoch 60 | Val F1: 0.7421
Epoch 70 | Val F1: 0.7422
Epoch 80 | Val F1: 0.7449
Epoch 90 | Val F1: 0.7430
Epoch 100 | Val F1: 0.7329
✅ Tamamlandı. Çıktılar './16' klasöründe.
PS C:\Users\kahra\Desktop\lstm>

PS C:\Users\kahra\Desktop\lstm> python .\03-seq_len.py

========== seq_len = 17 ==========
── Optuna HP Arama ──
[I 2026-05-16 08:15:16,665] A new study created in memory with name: no-name-359f2c7d-df1b-4ac5-8230-2bb83f26fd0e
[I 2026-05-16 08:17:38,634] Trial 0 finished with value: 0.7315376665891462 and parameters: {'hidden_size': 128, 'num_layers': 3, 'lr': 0.000737533619439573, 'bidirectional': False}. Best is trial 0 with value: 0.7315376665891462.
[I 2026-05-16 08:28:28,088] Trial 1 finished with value: 0.7453414252884686 and parameters: {'hidden_size': 256, 'num_layers': 3, 'lr': 0.0003010843501385727, 'bidirectional': True}. Best is trial 1 with value: 0.7453414252884686.
[I 2026-05-16 08:32:38,384] Trial 2 finished with value: 0.7381326398151387 and parameters: {'hidden_size': 128, 'num_layers': 2, 'lr': 0.0011919070215664284, 'bidirectional': True}. Best is trial 1 with value: 0.7453414252884686.
[I 2026-05-16 08:37:25,897] Trial 3 finished with value: 0.7406470537841181 and parameters: {'hidden_size': 128, 'num_layers': 3, 'lr': 0.00044742307730092214, 'bidirectional': True}. Best is trial 1 with value: 0.7453414252884686.
[I 2026-05-16 08:42:05,791] Trial 4 finished with value: 0.7516162162417243 and parameters: {'hidden_size': 64, 'num_layers': 3, 'lr': 0.0005823329627427827, 'bidirectional': True}. Best is trial 4 with value: 0.7516162162417243.
