Windows PowerShell
Copyright (C) Microsoft Corporation. All rights reserved.

Install the latest PowerShell for new features and improvements! https://aka.ms/PSWindows

PS C:\Users\kahra\Desktop\lstm> python .\03-seq_len.py

========== seq_len = 2 ==========
── Optuna HP Arama ──
[I 2026-05-15 16:14:57,842] A new study created in memory with name: no-name-eb4091a8-7290-48aa-9edf-3a90f2b3487b
[I 2026-05-15 16:18:59,466] Trial 0 finished with value: 0.5183486647886982 and parameters: {'hidden_size': 64, 'num_layers': 3, 'lr': 0.00015049823137689756, 'bidirectional': False}. Best is trial 0 with value: 0.5183486647886982.
[I 2026-05-15 16:22:37,522] Trial 1 finished with value: 0.577042971318089 and parameters: {'hidden_size': 256, 'num_layers': 2, 'lr': 0.0002619937519805965, 'bidirectional': False}. Best is trial 1 with value: 0.577042971318089.
[I 2026-05-15 16:25:45,895] Trial 2 finished with value: 0.5646347775863961 and parameters: {'hidden_size': 64, 'num_layers': 2, 'lr': 0.0005048827176886273, 'bidirectional': False}. Best is trial 1 with value: 0.577042971318089.
[I 2026-05-15 16:28:49,239] Trial 3 finished with value: 0.5872234128071834 and parameters: {'hidden_size': 256, 'num_layers': 1, 'lr': 0.009945297032465885, 'bidirectional': False}. Best is trial 3 with value: 0.5872234128071834.
[I 2026-05-15 16:35:54,545] Trial 4 finished with value: 0.591892933392595 and parameters: {'hidden_size': 256, 'num_layers': 3, 'lr': 0.0001682875271311384, 'bidirectional': True}. Best is trial 4 with value: 0.591892933392595.
[I 2026-05-15 16:37:54,297] Trial 5 finished with value: 0.557630304096445 and parameters: {'hidden_size': 64, 'num_layers': 1, 'lr': 0.00025635981504454607, 'bidirectional': True}. Best is trial 4 with value: 0.591892933392595.
[I 2026-05-15 16:45:25,069] Trial 6 finished with value: 0.5963832007626131 and parameters: {'hidden_size': 256, 'num_layers': 3, 'lr': 0.0035279963180511837, 'bidirectional': True}. Best is trial 6 with value: 0.5963832007626131.
[I 2026-05-15 16:49:48,925] Trial 7 finished with value: 0.6063359131955295 and parameters: {'hidden_size': 256, 'num_layers': 2, 'lr': 0.0006175227891348917, 'bidirectional': False}. Best is trial 7 with value: 0.6063359131955295.
[I 2026-05-15 16:53:27,296] Trial 8 finished with value: 0.5231353903347185 and parameters: {'hidden_size': 64, 'num_layers': 2, 'lr': 0.00010572343370715406, 'bidirectional': False}. Best is trial 7 with value: 0.6063359131955295.
[I 2026-05-15 16:58:37,064] Trial 9 finished with value: 0.5575264154242391 and parameters: {'hidden_size': 128, 'num_layers': 2, 'lr': 0.00019914644624198567, 'bidirectional': True}. Best is trial 7 with value: 0.6063359131955295.

── Final Eğitim Başlıyor ──
Epoch 10 | Val F1: 0.5626
Epoch 20 | Val F1: 0.5909
Epoch 30 | Val F1: 0.6032
Epoch 40 | Val F1: 0.6097
Epoch 50 | Val F1: 0.6197
Epoch 60 | Val F1: 0.6367
Epoch 70 | Val F1: 0.6454
Epoch 80 | Val F1: 0.6431
Epoch 90 | Val F1: 0.6390
Epoch 100 | Val F1: 0.6434
✅ Tamamlandı. Çıktılar './2' klasöründe.

========== seq_len = 3 ==========
── Optuna HP Arama ──
[I 2026-05-15 17:24:00,213] A new study created in memory with name: no-name-b5869be5-42db-4a7b-a4e5-71e9dae5c23a
[I 2026-05-15 17:26:48,134] Trial 0 finished with value: 0.5010575902524496 and parameters: {'hidden_size': 256, 'num_layers': 3, 'lr': 0.008866146134100505, 'bidirectional': False}. Best is trial 0 with value: 0.5010575902524496.
[I 2026-05-15 17:29:51,534] Trial 1 finished with value: 0.6513395338740695 and parameters: {'hidden_size': 256, 'num_layers': 2, 'lr': 0.003539917884735934, 'bidirectional': True}. Best is trial 1 with value: 0.6513395338740695.
[I 2026-05-15 17:33:05,035] Trial 2 finished with value: 0.5887049256618387 and parameters: {'hidden_size': 64, 'num_layers': 1, 'lr': 0.00018677139697726152, 'bidirectional': False}. Best is trial 1 with value: 0.6513395338740695.
[I 2026-05-15 17:36:40,489] Trial 3 finished with value: 0.5964233220099082 and parameters: {'hidden_size': 64, 'num_layers': 2, 'lr': 0.0003090743061670975, 'bidirectional': False}. Best is trial 1 with value: 0.6513395338740695.
[I 2026-05-15 17:40:54,387] Trial 4 finished with value: 0.6294672953099392 and parameters: {'hidden_size': 64, 'num_layers': 3, 'lr': 0.001943826844418551, 'bidirectional': False}. Best is trial 1 with value: 0.6513395338740695.
[I 2026-05-15 17:44:05,670] Trial 5 finished with value: 0.6464689038648759 and parameters: {'hidden_size': 64, 'num_layers': 1, 'lr': 0.004550089415843747, 'bidirectional': True}. Best is trial 1 with value: 0.6513395338740695.
[I 2026-05-15 17:47:21,110] Trial 6 finished with value: 0.6336188384762015 and parameters: {'hidden_size': 64, 'num_layers': 1, 'lr': 0.0007895661895787956, 'bidirectional': True}. Best is trial 1 with value: 0.6513395338740695.
[I 2026-05-15 17:52:46,731] Trial 7 finished with value: 0.6459337916818085 and parameters: {'hidden_size': 64, 'num_layers': 3, 'lr': 0.0017623658812863656, 'bidirectional': True}. Best is trial 1 with value: 0.6513395338740695.
[I 2026-05-15 17:56:44,138] Trial 8 finished with value: 0.5870998331916939 and parameters: {'hidden_size': 64, 'num_layers': 3, 'lr': 0.007542579055464003, 'bidirectional': False}. Best is trial 1 with value: 0.6513395338740695.
[I 2026-05-15 18:00:15,754] Trial 9 finished with value: 0.6341571414631141 and parameters: {'hidden_size': 128, 'num_layers': 2, 'lr': 0.0007136283805539881, 'bidirectional': False}. Best is trial 1 with value: 0.6513395338740695.

── Final Eğitim Başlıyor ──
Epoch 10 | Val F1: 0.6198
Epoch 20 | Val F1: 0.6372
Epoch 30 | Val F1: 0.6545
Epoch 40 | Val F1: 0.6417
Epoch 50 | Val F1: 0.6418
Epoch 60 | Val F1: 0.6473
Epoch 70 | Val F1: 0.6445
Epoch 80 | Val F1: 0.6486
Epoch 90 | Val F1: 0.6437
Epoch 100 | Val F1: 0.6294
✅ Tamamlandı. Çıktılar './3' klasöründe.

========== seq_len = 4 ==========
── Optuna HP Arama ──
[I 2026-05-15 18:37:18,656] A new study created in memory with name: no-name-b1378c69-22e5-4e8a-a6fa-67a03827d5ae
[I 2026-05-15 18:42:07,846] Trial 0 finished with value: 0.6433340974984907 and parameters: {'hidden_size': 256, 'num_layers': 2, 'lr': 0.00012977480915756217, 'bidirectional': False}. Best is trial 0 with value: 0.6433340974984907.
[I 2026-05-15 18:46:49,937] Trial 1 finished with value: 0.6829398215341791 and parameters: {'hidden_size': 256, 'num_layers': 1, 'lr': 0.0006918108184781716, 'bidirectional': True}. Best is trial 1 with value: 0.6829398215341791.
[I 2026-05-15 18:54:19,160] Trial 2 finished with value: 0.6785211993251268 and parameters: {'hidden_size': 256, 'num_layers': 3, 'lr': 0.0003528230409432826, 'bidirectional': True}. Best is trial 1 with value: 0.6829398215341791.
[I 2026-05-15 18:58:22,813] Trial 3 finished with value: 0.6610053918814502 and parameters: {'hidden_size': 128, 'num_layers': 2, 'lr': 0.0004387292973412477, 'bidirectional': False}. Best is trial 1 with value: 0.6829398215341791.
[I 2026-05-15 19:03:50,875] Trial 4 finished with value: 0.648726837947333 and parameters: {'hidden_size': 64, 'num_layers': 3, 'lr': 0.004722235791369144, 'bidirectional': True}. Best is trial 1 with value: 0.6829398215341791.
[I 2026-05-15 19:07:04,904] Trial 5 finished with value: 0.632916492712573 and parameters: {'hidden_size': 64, 'num_layers': 1, 'lr': 0.00018955239033085843, 'bidirectional': True}. Best is trial 1 with value: 0.6829398215341791.
[I 2026-05-15 19:10:56,804] Trial 6 finished with value: 0.6868797599208206 and parameters: {'hidden_size': 256, 'num_layers': 1, 'lr': 0.0005994676722562599, 'bidirectional': True}. Best is trial 6 with value: 0.6868797599208206.
[I 2026-05-15 19:18:17,257] Trial 7 finished with value: 0.6773863710096077 and parameters: {'hidden_size': 256, 'num_layers': 3, 'lr': 0.00026308854707157324, 'bidirectional': True}. Best is trial 6 with value: 0.6868797599208206.
[I 2026-05-15 19:22:39,137] Trial 8 finished with value: 0.6423847723080891 and parameters: {'hidden_size': 64, 'num_layers': 2, 'lr': 0.008767273942572233, 'bidirectional': True}. Best is trial 6 with value: 0.6868797599208206.
[I 2026-05-15 19:25:56,826] Trial 9 finished with value: 0.6456591079223818 and parameters: {'hidden_size': 128, 'num_layers': 1, 'lr': 0.00028067618134017746, 'bidirectional': True}. Best is trial 6 with value: 0.6868797599208206.

── Final Eğitim Başlıyor ──
Epoch 10 | Val F1: 0.6444
Epoch 20 | Val F1: 0.6573
Epoch 30 | Val F1: 0.6850
Epoch 40 | Val F1: 0.6942
Epoch 50 | Val F1: 0.6863
Epoch 60 | Val F1: 0.7060
Epoch 70 | Val F1: 0.6997
Epoch 80 | Val F1: 0.6976
Epoch 90 | Val F1: 0.7055
Epoch 100 | Val F1: 0.7094
✅ Tamamlandı. Çıktılar './4' klasöründe.

========== seq_len = 5 ==========
── Optuna HP Arama ──
[I 2026-05-15 19:53:38,581] A new study created in memory with name: no-name-f6bc21cf-7d26-46ea-bd1e-0c9de962cfd8
[I 2026-05-15 19:56:34,641] Trial 0 finished with value: 0.6979450884875525 and parameters: {'hidden_size': 128, 'num_layers': 1, 'lr': 0.004052526942172265, 'bidirectional': False}. Best is trial 0 with value: 0.6979450884875525.
[I 2026-05-15 20:01:21,934] Trial 1 finished with value: 0.6965839508389502 and parameters: {'hidden_size': 128, 'num_layers': 3, 'lr': 0.000736268790190375, 'bidirectional': True}. Best is trial 0 with value: 0.6979450884875525.
[I 2026-05-15 20:06:26,716] Trial 2 finished with value: 0.6142636835036209 and parameters: {'hidden_size': 64, 'num_layers': 3, 'lr': 0.008251893936322965, 'bidirectional': True}. Best is trial 0 with value: 0.6979450884875525.
[I 2026-05-15 20:12:18,651] Trial 3 finished with value: 0.6740250531042681 and parameters: {'hidden_size': 128, 'num_layers': 3, 'lr': 0.0001364691725525001, 'bidirectional': True}. Best is trial 0 with value: 0.6979450884875525.
[I 2026-05-15 20:16:53,807] Trial 4 finished with value: 0.688363616442815 and parameters: {'hidden_size': 64, 'num_layers': 2, 'lr': 0.004388147380569011, 'bidirectional': True}. Best is trial 0 with value: 0.6979450884875525.
[I 2026-05-15 20:20:14,727] Trial 5 finished with value: 0.6886523388616976 and parameters: {'hidden_size': 256, 'num_layers': 1, 'lr': 0.00035301513429840083, 'bidirectional': False}. Best is trial 0 with value: 0.6979450884875525.
[I 2026-05-15 20:24:24,601] Trial 6 finished with value: 0.6734114940782988 and parameters: {'hidden_size': 128, 'num_layers': 3, 'lr': 0.00041563226193256833, 'bidirectional': False}. Best is trial 0 with value: 0.6979450884875525.
[I 2026-05-15 20:28:04,730] Trial 7 finished with value: 0.7021768615621349 and parameters: {'hidden_size': 256, 'num_layers': 1, 'lr': 0.002986165776097077, 'bidirectional': True}. Best is trial 7 with value: 0.7021768615621349.
[I 2026-05-15 20:32:01,145] Trial 8 finished with value: 0.6636344434517688 and parameters: {'hidden_size': 128, 'num_layers': 3, 'lr': 0.005490599621494556, 'bidirectional': False}. Best is trial 7 with value: 0.7021768615621349.
[I 2026-05-15 20:35:21,482] Trial 9 finished with value: 0.6871486234187686 and parameters: {'hidden_size': 64, 'num_layers': 1, 'lr': 0.005339169436515503, 'bidirectional': True}. Best is trial 7 with value: 0.7021768615621349.

── Final Eğitim Başlıyor ──
Epoch 10 | Val F1: 0.6789
Epoch 20 | Val F1: 0.6750
Epoch 30 | Val F1: 0.6910
Epoch 40 | Val F1: 0.6986
Epoch 50 | Val F1: 0.6940
Epoch 60 | Val F1: 0.6939
Epoch 70 | Val F1: 0.7025
Epoch 80 | Val F1: 0.7141
Epoch 90 | Val F1: 0.6978
Epoch 100 | Val F1: 0.7070
✅ Tamamlandı. Çıktılar './5' klasöründe.

========== seq_len = 6 ==========
── Optuna HP Arama ──
[I 2026-05-15 21:06:18,987] A new study created in memory with name: no-name-6c92f214-45fd-4486-8810-a508cb360563
[I 2026-05-15 21:09:19,226] Trial 0 finished with value: 0.7093697416437215 and parameters: {'hidden_size': 128, 'num_layers': 1, 'lr': 0.0025998553557274517, 'bidirectional': False}. Best is trial 0 with value: 0.7093697416437215.
[I 2026-05-15 21:12:53,126] Trial 1 finished with value: 0.6853940404486378 and parameters: {'hidden_size': 64, 'num_layers': 3, 'lr': 0.004486863700065843, 'bidirectional': False}. Best is trial 0 with value: 0.7093697416437215.
[I 2026-05-15 21:15:55,623] Trial 2 finished with value: 0.6648241793223254 and parameters: {'hidden_size': 64, 'num_layers': 2, 'lr': 0.00011773376961060981, 'bidirectional': False}. Best is trial 0 with value: 0.7093697416437215.
[I 2026-05-15 21:21:04,338] Trial 3 finished with value: 0.6982345735727622 and parameters: {'hidden_size': 128, 'num_layers': 3, 'lr': 0.0038970823489338016, 'bidirectional': True}. Best is trial 0 with value: 0.7093697416437215.
[I 2026-05-15 21:24:15,290] Trial 4 finished with value: 0.6980027792030293 and parameters: {'hidden_size': 256, 'num_layers': 1, 'lr': 0.00034777826410072445, 'bidirectional': False}. Best is trial 0 with value: 0.7093697416437215.
[I 2026-05-15 21:27:38,624] Trial 5 finished with value: 0.6987855922178382 and parameters: {'hidden_size': 128, 'num_layers': 1, 'lr': 0.00035399853561708384, 'bidirectional': True}. Best is trial 0 with value: 0.7093697416437215.
[I 2026-05-15 21:32:06,785] Trial 6 finished with value: 0.6842050494715592 and parameters: {'hidden_size': 64, 'num_layers': 2, 'lr': 0.0001818349427981676, 'bidirectional': True}. Best is trial 0 with value: 0.7093697416437215.
[I 2026-05-15 21:37:45,282] Trial 7 finished with value: 0.7091712635723768 and parameters: {'hidden_size': 128, 'num_layers': 3, 'lr': 0.000488170571857712, 'bidirectional': True}. Best is trial 0 with value: 0.7093697416437215.
[I 2026-05-15 21:42:43,304] Trial 8 finished with value: 0.7181994974243247 and parameters: {'hidden_size': 256, 'num_layers': 2, 'lr': 0.0004669015204519544, 'bidirectional': True}. Best is trial 8 with value: 0.7181994974243247.
[I 2026-05-15 21:46:21,076] Trial 9 finished with value: 0.6852817539136197 and parameters: {'hidden_size': 128, 'num_layers': 1, 'lr': 0.009037943422129423, 'bidirectional': True}. Best is trial 8 with value: 0.7181994974243247.

── Final Eğitim Başlıyor ──
Epoch 10 | Val F1: 0.6915
Epoch 20 | Val F1: 0.7100
Epoch 30 | Val F1: 0.7118
Epoch 40 | Val F1: 0.7211
Epoch 50 | Val F1: 0.7302
Epoch 60 | Val F1: 0.7205
Epoch 70 | Val F1: 0.7216
Epoch 80 | Val F1: 0.7212
Epoch 90 | Val F1: 0.7230
Epoch 100 | Val F1: 0.7241
✅ Tamamlandı. Çıktılar './6' klasöründe.

========== seq_len = 7 ==========
── Optuna HP Arama ──
[I 2026-05-15 22:30:31,275] A new study created in memory with name: no-name-2d2f5c8d-f138-46ff-8c4f-0d568b24320e
[I 2026-05-15 22:34:05,636] Trial 0 finished with value: 0.7056430876483396 and parameters: {'hidden_size': 128, 'num_layers': 2, 'lr': 0.000435115478464019, 'bidirectional': False}. Best is trial 0 with value: 0.7056430876483396.
[I 2026-05-15 22:37:05,307] Trial 1 finished with value: 0.7244654184180198 and parameters: {'hidden_size': 128, 'num_layers': 1, 'lr': 0.00273788234961841, 'bidirectional': False}. Best is trial 1 with value: 0.7244654184180198.
[I 2026-05-15 22:41:05,398] Trial 2 finished with value: 0.7164361368292651 and parameters: {'hidden_size': 64, 'num_layers': 2, 'lr': 0.0034940235237541323, 'bidirectional': True}. Best is trial 1 with value: 0.7244654184180198.
[I 2026-05-15 22:45:21,704] Trial 3 finished with value: 0.7089507970585259 and parameters: {'hidden_size': 256, 'num_layers': 2, 'lr': 0.00020081667863116803, 'bidirectional': False}. Best is trial 1 with value: 0.7244654184180198.
[I 2026-05-15 22:51:06,984] Trial 4 finished with value: 0.7145183321567891 and parameters: {'hidden_size': 128, 'num_layers': 3, 'lr': 0.0011290240140707792, 'bidirectional': True}. Best is trial 1 with value: 0.7244654184180198.
[I 2026-05-15 22:55:47,412] Trial 5 finished with value: 0.6982818727062833 and parameters: {'hidden_size': 128, 'num_layers': 2, 'lr': 0.00010382518501057852, 'bidirectional': True}. Best is trial 1 with value: 0.7244654184180198.
[I 2026-05-15 23:00:44,563] Trial 6 finished with value: 0.5792714132682293 and parameters: {'hidden_size': 128, 'num_layers': 3, 'lr': 0.008616310230800742, 'bidirectional': True}. Best is trial 1 with value: 0.7244654184180198.
[I 2026-05-15 23:04:43,655] Trial 7 finished with value: 0.6727031566788817 and parameters: {'hidden_size': 64, 'num_layers': 2, 'lr': 0.008401137280902329, 'bidirectional': True}. Best is trial 1 with value: 0.7244654184180198.
[I 2026-05-15 23:10:01,595] Trial 8 finished with value: 0.6983656495982443 and parameters: {'hidden_size': 256, 'num_layers': 3, 'lr': 0.00011523948236465051, 'bidirectional': False}. Best is trial 1 with value: 0.7244654184180198.
[I 2026-05-15 23:12:27,533] Trial 9 finished with value: 0.7128294907208917 and parameters: {'hidden_size': 64, 'num_layers': 1, 'lr': 0.0027007428074401728, 'bidirectional': False}. Best is trial 1 with value: 0.7244654184180198.

── Final Eğitim Başlıyor ──
Epoch 10 | Val F1: 0.7071
Epoch 20 | Val F1: 0.7055
Epoch 30 | Val F1: 0.7235
Epoch 40 | Val F1: 0.7103
Epoch 50 | Val F1: 0.7271
Epoch 60 | Val F1: 0.7162
Epoch 70 | Val F1: 0.7296
Epoch 80 | Val F1: 0.7293
Epoch 90 | Val F1: 0.7189
Epoch 100 | Val F1: 0.7298
✅ Tamamlandı. Çıktılar './7' klasöründe.

========== seq_len = 8 ==========
── Optuna HP Arama ──
[I 2026-05-15 23:31:20,146] A new study created in memory with name: no-name-85025d98-8fbd-49cf-b7cb-8e0c2e66d640
[I 2026-05-15 23:34:40,591] Trial 0 finished with value: 0.6955155170006113 and parameters: {'hidden_size': 64, 'num_layers': 3, 'lr': 0.00022409896777076838, 'bidirectional': False}. Best is trial 0 with value: 0.6955155170006113.
[I 2026-05-15 23:38:39,097] Trial 1 finished with value: 0.7135024035925542 and parameters: {'hidden_size': 256, 'num_layers': 2, 'lr': 0.00035057063126792717, 'bidirectional': False}. Best is trial 1 with value: 0.7135024035925542.
[I 2026-05-15 23:41:42,046] Trial 2 finished with value: 0.7192779636250088 and parameters: {'hidden_size': 64, 'num_layers': 2, 'lr': 0.0011012979574224456, 'bidirectional': False}. Best is trial 2 with value: 0.7192779636250088.
[I 2026-05-15 23:44:47,937] Trial 3 finished with value: 0.7270831344707491 and parameters: {'hidden_size': 128, 'num_layers': 2, 'lr': 0.004349248877856008, 'bidirectional': False}. Best is trial 3 with value: 0.7270831344707491.
[I 2026-05-15 23:47:59,199] Trial 4 finished with value: 0.7265258444064764 and parameters: {'hidden_size': 128, 'num_layers': 3, 'lr': 0.001445916844864312, 'bidirectional': True}. Best is trial 3 with value: 0.7270831344707491.
[I 2026-05-15 23:49:09,659] Trial 5 finished with value: 0.6785628849627096 and parameters: {'hidden_size': 64, 'num_layers': 1, 'lr': 0.00014614797185987278, 'bidirectional': False}. Best is trial 3 with value: 0.7270831344707491.
[I 2026-05-15 23:50:21,566] Trial 6 finished with value: 0.7228919112438662 and parameters: {'hidden_size': 64, 'num_layers': 2, 'lr': 0.0010259786025977127, 'bidirectional': False}. Best is trial 3 with value: 0.7270831344707491.
[I 2026-05-15 23:52:25,755] Trial 7 finished with value: 0.6992419547901724 and parameters: {'hidden_size': 128, 'num_layers': 3, 'lr': 0.00457996309038602, 'bidirectional': True}. Best is trial 3 with value: 0.7270831344707491.
[I 2026-05-15 23:53:59,670] Trial 8 finished with value: 0.7215500738491661 and parameters: {'hidden_size': 64, 'num_layers': 2, 'lr': 0.0004442822193344399, 'bidirectional': True}. Best is trial 3 with value: 0.7270831344707491.
[I 2026-05-15 23:55:36,453] Trial 9 finished with value: 0.7215506513386379 and parameters: {'hidden_size': 128, 'num_layers': 2, 'lr': 0.0005037723668374373, 'bidirectional': True}. Best is trial 3 with value: 0.7270831344707491.

── Final Eğitim Başlıyor ──
Epoch 10 | Val F1: 0.6777
Epoch 20 | Val F1: 0.7066
Epoch 30 | Val F1: 0.7111
Epoch 40 | Val F1: 0.7008
Epoch 50 | Val F1: 0.7109
Epoch 60 | Val F1: 0.6953
Epoch 70 | Val F1: 0.6977
Epoch 80 | Val F1: 0.6999
Epoch 90 | Val F1: 0.6869
Epoch 100 | Val F1: 0.6689
✅ Tamamlandı. Çıktılar './8' klasöründe.

========== seq_len = 9 ==========
── Optuna HP Arama ──
[I 2026-05-16 00:04:08,918] A new study created in memory with name: no-name-b089aa91-3df4-45be-a11d-d8e815984a24
[I 2026-05-16 00:05:43,079] Trial 0 finished with value: 0.7272889755689474 and parameters: {'hidden_size': 256, 'num_layers': 2, 'lr': 0.00345188290035094, 'bidirectional': False}. Best is trial 0 with value: 0.7272889755689474.
[I 2026-05-16 00:06:50,121] Trial 1 finished with value: 0.7058901925563382 and parameters: {'hidden_size': 64, 'num_layers': 1, 'lr': 0.0004812492430026318, 'bidirectional': False}. Best is trial 0 with value: 0.7272889755689474.
[I 2026-05-16 00:07:50,156] Trial 2 finished with value: 0.7075204938762338 and parameters: {'hidden_size': 64, 'num_layers': 1, 'lr': 0.00018424140638672822, 'bidirectional': False}. Best is trial 0 with value: 0.7272889755689474.
[I 2026-05-16 00:09:03,886] Trial 3 finished with value: 0.7219475443519782 and parameters: {'hidden_size': 64, 'num_layers': 2, 'lr': 0.0001381630138757502, 'bidirectional': False}. Best is trial 0 with value: 0.7272889755689474.
[I 2026-05-16 00:10:42,029] Trial 4 finished with value: 0.7190756947264229 and parameters: {'hidden_size': 128, 'num_layers': 2, 'lr': 0.00013311894281948163, 'bidirectional': True}. Best is trial 0 with value: 0.7272889755689474.
[I 2026-05-16 00:11:56,050] Trial 5 finished with value: 0.7131981653301912 and parameters: {'hidden_size': 128, 'num_layers': 1, 'lr': 0.0001748014098352789, 'bidirectional': True}. Best is trial 0 with value: 0.7272889755689474.
[I 2026-05-16 00:13:34,193] Trial 6 finished with value: 0.7236736807899229 and parameters: {'hidden_size': 256, 'num_layers': 2, 'lr': 0.00025846760980263055, 'bidirectional': False}. Best is trial 0 with value: 0.7272889755689474.
[I 2026-05-16 00:20:38,783] Trial 7 finished with value: 0.7226511863159552 and parameters: {'hidden_size': 256, 'num_layers': 3, 'lr': 0.00014951506408174723, 'bidirectional': True}. Best is trial 0 with value: 0.7272889755689474.
